<?xml version="1.0" encoding="UTF-8"?>
<testsuite xmlns:xsi="http://www.w3.org/2001/XMLSchema-instance" xsi:noNamespaceSchemaLocation="https://maven.apache.org/surefire/maven-surefire-plugin/xsd/surefire-test-report-3.0.xsd" version="3.0" name="smartjob.cl.systemUsers.SystemUsersApplicationTests" time="2.463" tests="1" errors="0" skipped="0" failures="0">
  <properties>
    <property name="java.specification.version" value="21"/>
    <property name="sun.jnu.encoding" value="UTF-8"/>
    <property name="java.class.path" value="/Users/nescao2/IdeaProjects/smartjob/target/test-classes:/Users/nescao2/IdeaProjects/smartjob/target/classes:/Users/nescao2/.m2/repository/org/springframework/boot/spring-boot-starter-data-jpa/3.1.6/spring-boot-starter-data-jpa-3.1.6.jar:/Users/nescao2/.m2/repository/org/springframework/boot/spring-boot-starter-aop/3.1.6/spring-boot-starter-aop-3.1.6.jar:/Users/nescao2/.m2/repository/org/springframework/spring-aop/6.0.14/spring-aop-6.0.14.jar:/Users/nescao2/.m2/repository/org/aspectj/aspectjweaver/1.9.20.1/aspectjweaver-1.9.20.1.jar:/Users/nescao2/.m2/repository/org/springframework/boot/spring-boot-starter-jdbc/3.1.6/spring-boot-starter-jdbc-3.1.6.jar:/Users/nescao2/.m2/repository/com/zaxxer/HikariCP/5.0.1/HikariCP-5.0.1.jar:/Users/nescao2/.m2/repository/org/springframework/spring-jdbc/6.0.14/spring-jdbc-6.0.14.jar:/Users/nescao2/.m2/repository/org/hibernate/orm/hibernate-core/6.2.13.Final/hibernate-core-6.2.13.Final.jar:/Users/nescao2/.m2/repository/jakarta/persistence/jakarta.persistence-api/3.1.0/jakarta.persistence-api-3.1.0.jar:/Users/nescao2/.m2/repository/jakarta/transaction/jakarta.transaction-api/2.0.1/jakarta.transaction-api-2.0.1.jar:/Users/nescao2/.m2/repository/org/jboss/logging/jboss-logging/3.5.3.Final/jboss-logging-3.5.3.Final.jar:/Users/nescao2/.m2/repository/org/hibernate/common/hibernate-commons-annotations/6.0.6.Final/hibernate-commons-annotations-6.0.6.Final.jar:/Users/nescao2/.m2/repository/io/smallrye/jandex/3.0.5/jandex-3.0.5.jar:/Users/nescao2/.m2/repository/com/fasterxml/classmate/1.5.1/classmate-1.5.1.jar:/Users/nescao2/.m2/repository/net/bytebuddy/byte-buddy/1.14.10/byte-buddy-1.14.10.jar:/Users/nescao2/.m2/repository/org/glassfish/jaxb/jaxb-runtime/4.0.4/jaxb-runtime-4.0.4.jar:/Users/nescao2/.m2/repository/org/glassfish/jaxb/jaxb-core/4.0.4/jaxb-core-4.0.4.jar:/Users/nescao2/.m2/repository/org/eclipse/angus/angus-activation/2.0.1/angus-activation-2.0.1.jar:/Users/nescao2/.m2/repository/org/glassfish/jaxb/txw2/4.0.4/txw2-4.0.4.jar:/Users/nescao2/.m2/repository/com/sun/istack/istack-commons-runtime/4.1.2/istack-commons-runtime-4.1.2.jar:/Users/nescao2/.m2/repository/jakarta/inject/jakarta.inject-api/2.0.1/jakarta.inject-api-2.0.1.jar:/Users/nescao2/.m2/repository/org/antlr/antlr4-runtime/4.10.1/antlr4-runtime-4.10.1.jar:/Users/nescao2/.m2/repository/org/springframework/data/spring-data-jpa/3.1.6/spring-data-jpa-3.1.6.jar:/Users/nescao2/.m2/repository/org/springframework/data/spring-data-commons/3.1.6/spring-data-commons-3.1.6.jar:/Users/nescao2/.m2/repository/org/springframework/spring-orm/6.0.14/spring-orm-6.0.14.jar:/Users/nescao2/.m2/repository/org/springframework/spring-context/6.0.14/spring-context-6.0.14.jar:/Users/nescao2/.m2/repository/org/springframework/spring-tx/6.0.14/spring-tx-6.0.14.jar:/Users/nescao2/.m2/repository/org/springframework/spring-beans/6.0.14/spring-beans-6.0.14.jar:/Users/nescao2/.m2/repository/jakarta/annotation/jakarta.annotation-api/2.1.1/jakarta.annotation-api-2.1.1.jar:/Users/nescao2/.m2/repository/org/slf4j/slf4j-api/2.0.9/slf4j-api-2.0.9.jar:/Users/nescao2/.m2/repository/org/springframework/spring-aspects/6.0.14/spring-aspects-6.0.14.jar:/Users/nescao2/.m2/repository/org/springframework/boot/spring-boot-starter-web/3.1.6/spring-boot-starter-web-3.1.6.jar:/Users/nescao2/.m2/repository/org/springframework/boot/spring-boot-starter/3.1.6/spring-boot-starter-3.1.6.jar:/Users/nescao2/.m2/repository/org/springframework/boot/spring-boot/3.1.6/spring-boot-3.1.6.jar:/Users/nescao2/.m2/repository/org/springframework/boot/spring-boot-autoconfigure/3.1.6/spring-boot-autoconfigure-3.1.6.jar:/Users/nescao2/.m2/repository/org/springframework/boot/spring-boot-starter-logging/3.1.6/spring-boot-starter-logging-3.1.6.jar:/Users/nescao2/.m2/repository/ch/qos/logback/logback-classic/1.4.11/logback-classic-1.4.11.jar:/Users/nescao2/.m2/repository/ch/qos/logback/logback-core/1.4.11/logback-core-1.4.11.jar:/Users/nescao2/.m2/repository/org/apache/logging/log4j/log4j-to-slf4j/2.20.0/log4j-to-slf4j-2.20.0.jar:/Users/nescao2/.m2/repository/org/apache/logging/log4j/log4j-api/2.20.0/log4j-api-2.20.0.jar:/Users/nescao2/.m2/repository/org/slf4j/jul-to-slf4j/2.0.9/jul-to-slf4j-2.0.9.jar:/Users/nescao2/.m2/repository/org/yaml/snakeyaml/1.33/snakeyaml-1.33.jar:/Users/nescao2/.m2/repository/org/springframework/boot/spring-boot-starter-json/3.1.6/spring-boot-starter-json-3.1.6.jar:/Users/nescao2/.m2/repository/com/fasterxml/jackson/core/jackson-databind/2.15.3/jackson-databind-2.15.3.jar:/Users/nescao2/.m2/repository/com/fasterxml/jackson/core/jackson-annotations/2.15.3/jackson-annotations-2.15.3.jar:/Users/nescao2/.m2/repository/com/fasterxml/jackson/core/jackson-core/2.15.3/jackson-core-2.15.3.jar:/Users/nescao2/.m2/repository/com/fasterxml/jackson/datatype/jackson-datatype-jdk8/2.15.3/jackson-datatype-jdk8-2.15.3.jar:/Users/nescao2/.m2/repository/com/fasterxml/jackson/datatype/jackson-datatype-jsr310/2.15.3/jackson-datatype-jsr310-2.15.3.jar:/Users/nescao2/.m2/repository/com/fasterxml/jackson/module/jackson-module-parameter-names/2.15.3/jackson-module-parameter-names-2.15.3.jar:/Users/nescao2/.m2/repository/org/springframework/boot/spring-boot-starter-tomcat/3.1.6/spring-boot-starter-tomcat-3.1.6.jar:/Users/nescao2/.m2/repository/org/apache/tomcat/embed/tomcat-embed-core/10.1.16/tomcat-embed-core-10.1.16.jar:/Users/nescao2/.m2/repository/org/apache/tomcat/embed/tomcat-embed-el/10.1.16/tomcat-embed-el-10.1.16.jar:/Users/nescao2/.m2/repository/org/apache/tomcat/embed/tomcat-embed-websocket/10.1.16/tomcat-embed-websocket-10.1.16.jar:/Users/nescao2/.m2/repository/org/springframework/spring-web/6.0.14/spring-web-6.0.14.jar:/Users/nescao2/.m2/repository/io/micrometer/micrometer-observation/1.11.6/micrometer-observation-1.11.6.jar:/Users/nescao2/.m2/repository/io/micrometer/micrometer-commons/1.11.6/micrometer-commons-1.11.6.jar:/Users/nescao2/.m2/repository/org/springframework/spring-webmvc/6.0.14/spring-webmvc-6.0.14.jar:/Users/nescao2/.m2/repository/org/springframework/spring-expression/6.0.14/spring-expression-6.0.14.jar:/Users/nescao2/.m2/repository/com/h2database/h2/2.1.214/h2-2.1.214.jar:/Users/nescao2/.m2/repository/org/projectlombok/lombok/1.18.30/lombok-1.18.30.jar:/Users/nescao2/.m2/repository/org/springframework/boot/spring-boot-starter-test/3.1.6/spring-boot-starter-test-3.1.6.jar:/Users/nescao2/.m2/repository/org/springframework/boot/spring-boot-test/3.1.6/spring-boot-test-3.1.6.jar:/Users/nescao2/.m2/repository/org/springframework/boot/spring-boot-test-autoconfigure/3.1.6/spring-boot-test-autoconfigure-3.1.6.jar:/Users/nescao2/.m2/repository/com/jayway/jsonpath/json-path/2.8.0/json-path-2.8.0.jar:/Users/nescao2/.m2/repository/jakarta/xml/bind/jakarta.xml.bind-api/4.0.1/jakarta.xml.bind-api-4.0.1.jar:/Users/nescao2/.m2/repository/jakarta/activation/jakarta.activation-api/2.1.2/jakarta.activation-api-2.1.2.jar:/Users/nescao2/.m2/repository/net/minidev/json-smart/2.4.11/json-smart-2.4.11.jar:/Users/nescao2/.m2/repository/net/minidev/accessors-smart/2.4.11/accessors-smart-2.4.11.jar:/Users/nescao2/.m2/repository/org/ow2/asm/asm/9.3/asm-9.3.jar:/Users/nescao2/.m2/repository/org/assertj/assertj-core/3.24.2/assertj-core-3.24.2.jar:/Users/nescao2/.m2/repository/org/hamcrest/hamcrest/2.2/hamcrest-2.2.jar:/Users/nescao2/.m2/repository/org/junit/jupiter/junit-jupiter/5.9.3/junit-jupiter-5.9.3.jar:/Users/nescao2/.m2/repository/org/junit/jupiter/junit-jupiter-api/5.9.3/junit-jupiter-api-5.9.3.jar:/Users/nescao2/.m2/repository/org/opentest4j/opentest4j/1.2.0/opentest4j-1.2.0.jar:/Users/nescao2/.m2/repository/org/junit/platform/junit-platform-commons/1.9.3/junit-platform-commons-1.9.3.jar:/Users/nescao2/.m2/repository/org/apiguardian/apiguardian-api/1.1.2/apiguardian-api-1.1.2.jar:/Users/nescao2/.m2/repository/org/junit/jupiter/junit-jupiter-params/5.9.3/junit-jupiter-params-5.9.3.jar:/Users/nescao2/.m2/repository/org/junit/jupiter/junit-jupiter-engine/5.9.3/junit-jupiter-engine-5.9.3.jar:/Users/nescao2/.m2/repository/org/junit/platform/junit-platform-engine/1.9.3/junit-platform-engine-1.9.3.jar:/Users/nescao2/.m2/repository/org/mockito/mockito-core/5.3.1/mockito-core-5.3.1.jar:/Users/nescao2/.m2/repository/net/bytebuddy/byte-buddy-agent/1.14.10/byte-buddy-agent-1.14.10.jar:/Users/nescao2/.m2/repository/org/objenesis/objenesis/3.3/objenesis-3.3.jar:/Users/nescao2/.m2/repository/org/mockito/mockito-junit-jupiter/5.3.1/mockito-junit-jupiter-5.3.1.jar:/Users/nescao2/.m2/repository/org/skyscreamer/jsonassert/1.5.1/jsonassert-1.5.1.jar:/Users/nescao2/.m2/repository/com/vaadin/external/google/android-json/0.0.20131108.vaadin1/android-json-0.0.20131108.vaadin1.jar:/Users/nescao2/.m2/repository/org/springframework/spring-core/6.0.14/spring-core-6.0.14.jar:/Users/nescao2/.m2/repository/org/springframework/spring-jcl/6.0.14/spring-jcl-6.0.14.jar:/Users/nescao2/.m2/repository/org/springframework/spring-test/6.0.14/spring-test-6.0.14.jar:/Users/nescao2/.m2/repository/org/xmlunit/xmlunit-core/2.9.1/xmlunit-core-2.9.1.jar:/Users/nescao2/.m2/repository/org/springdoc/springdoc-openapi-starter-webmvc-ui/2.2.0/springdoc-openapi-starter-webmvc-ui-2.2.0.jar:/Users/nescao2/.m2/repository/org/springdoc/springdoc-openapi-starter-webmvc-api/2.2.0/springdoc-openapi-starter-webmvc-api-2.2.0.jar:/Users/nescao2/.m2/repository/org/springdoc/springdoc-openapi-starter-common/2.2.0/springdoc-openapi-starter-common-2.2.0.jar:/Users/nescao2/.m2/repository/io/swagger/core/v3/swagger-core-jakarta/2.2.15/swagger-core-jakarta-2.2.15.jar:/Users/nescao2/.m2/repository/org/apache/commons/commons-lang3/3.12.0/commons-lang3-3.12.0.jar:/Users/nescao2/.m2/repository/io/swagger/core/v3/swagger-annotations-jakarta/2.2.15/swagger-annotations-jakarta-2.2.15.jar:/Users/nescao2/.m2/repository/io/swagger/core/v3/swagger-models-jakarta/2.2.15/swagger-models-jakarta-2.2.15.jar:/Users/nescao2/.m2/repository/jakarta/validation/jakarta.validation-api/3.0.2/jakarta.validation-api-3.0.2.jar:/Users/nescao2/.m2/repository/com/fasterxml/jackson/dataformat/jackson-dataformat-yaml/2.15.3/jackson-dataformat-yaml-2.15.3.jar:/Users/nescao2/.m2/repository/org/webjars/swagger-ui/5.2.0/swagger-ui-5.2.0.jar:/Users/nescao2/.m2/repository/junit/junit/4.13.2/junit-4.13.2.jar:/Users/nescao2/.m2/repository/org/hamcrest/hamcrest-core/2.2/hamcrest-core-2.2.jar:"/>
    <property name="java.vm.vendor" value="Eclipse Adoptium"/>
    <property name="sun.arch.data.model" value="64"/>
    <property name="java.vendor.url" value="https://adoptium.net/"/>
    <property name="user.timezone" value="America/Bogota"/>
    <property name="org.jboss.logging.provider" value="slf4j"/>
    <property name="os.name" value="Mac OS X"/>
    <property name="java.vm.specification.version" value="21"/>
    <property name="sun.java.launcher" value="SUN_STANDARD"/>
    <property name="user.country" value="CO"/>
    <property name="sun.boot.library.path" value="/Users/nescao2/.sdkman/candidates/java/21-tem/lib"/>
    <property name="sun.java.command" value="/Users/nescao2/IdeaProjects/smartjob/target/surefire/surefirebooter-20231127083643022_3.jar /Users/nescao2/IdeaProjects/smartjob/target/surefire 2023-11-27T08-36-42_981-jvmRun1 surefire-20231127083643022_1tmp surefire_0-20231127083643022_2tmp"/>
    <property name="http.nonProxyHosts" value="local|*.local|169.254/16|*.169.254/16"/>
    <property name="jdk.debug" value="release"/>
    <property name="surefire.test.class.path" value="/Users/nescao2/IdeaProjects/smartjob/target/test-classes:/Users/nescao2/IdeaProjects/smartjob/target/classes:/Users/nescao2/.m2/repository/org/springframework/boot/spring-boot-starter-data-jpa/3.1.6/spring-boot-starter-data-jpa-3.1.6.jar:/Users/nescao2/.m2/repository/org/springframework/boot/spring-boot-starter-aop/3.1.6/spring-boot-starter-aop-3.1.6.jar:/Users/nescao2/.m2/repository/org/springframework/spring-aop/6.0.14/spring-aop-6.0.14.jar:/Users/nescao2/.m2/repository/org/aspectj/aspectjweaver/1.9.20.1/aspectjweaver-1.9.20.1.jar:/Users/nescao2/.m2/repository/org/springframework/boot/spring-boot-starter-jdbc/3.1.6/spring-boot-starter-jdbc-3.1.6.jar:/Users/nescao2/.m2/repository/com/zaxxer/HikariCP/5.0.1/HikariCP-5.0.1.jar:/Users/nescao2/.m2/repository/org/springframework/spring-jdbc/6.0.14/spring-jdbc-6.0.14.jar:/Users/nescao2/.m2/repository/org/hibernate/orm/hibernate-core/6.2.13.Final/hibernate-core-6.2.13.Final.jar:/Users/nescao2/.m2/repository/jakarta/persistence/jakarta.persistence-api/3.1.0/jakarta.persistence-api-3.1.0.jar:/Users/nescao2/.m2/repository/jakarta/transaction/jakarta.transaction-api/2.0.1/jakarta.transaction-api-2.0.1.jar:/Users/nescao2/.m2/repository/org/jboss/logging/jboss-logging/3.5.3.Final/jboss-logging-3.5.3.Final.jar:/Users/nescao2/.m2/repository/org/hibernate/common/hibernate-commons-annotations/6.0.6.Final/hibernate-commons-annotations-6.0.6.Final.jar:/Users/nescao2/.m2/repository/io/smallrye/jandex/3.0.5/jandex-3.0.5.jar:/Users/nescao2/.m2/repository/com/fasterxml/classmate/1.5.1/classmate-1.5.1.jar:/Users/nescao2/.m2/repository/net/bytebuddy/byte-buddy/1.14.10/byte-buddy-1.14.10.jar:/Users/nescao2/.m2/repository/org/glassfish/jaxb/jaxb-runtime/4.0.4/jaxb-runtime-4.0.4.jar:/Users/nescao2/.m2/repository/org/glassfish/jaxb/jaxb-core/4.0.4/jaxb-core-4.0.4.jar:/Users/nescao2/.m2/repository/org/eclipse/angus/angus-activation/2.0.1/angus-activation-2.0.1.jar:/Users/nescao2/.m2/repository/org/glassfish/jaxb/txw2/4.0.4/txw2-4.0.4.jar:/Users/nescao2/.m2/repository/com/sun/istack/istack-commons-runtime/4.1.2/istack-commons-runtime-4.1.2.jar:/Users/nescao2/.m2/repository/jakarta/inject/jakarta.inject-api/2.0.1/jakarta.inject-api-2.0.1.jar:/Users/nescao2/.m2/repository/org/antlr/antlr4-runtime/4.10.1/antlr4-runtime-4.10.1.jar:/Users/nescao2/.m2/repository/org/springframework/data/spring-data-jpa/3.1.6/spring-data-jpa-3.1.6.jar:/Users/nescao2/.m2/repository/org/springframework/data/spring-data-commons/3.1.6/spring-data-commons-3.1.6.jar:/Users/nescao2/.m2/repository/org/springframework/spring-orm/6.0.14/spring-orm-6.0.14.jar:/Users/nescao2/.m2/repository/org/springframework/spring-context/6.0.14/spring-context-6.0.14.jar:/Users/nescao2/.m2/repository/org/springframework/spring-tx/6.0.14/spring-tx-6.0.14.jar:/Users/nescao2/.m2/repository/org/springframework/spring-beans/6.0.14/spring-beans-6.0.14.jar:/Users/nescao2/.m2/repository/jakarta/annotation/jakarta.annotation-api/2.1.1/jakarta.annotation-api-2.1.1.jar:/Users/nescao2/.m2/repository/org/slf4j/slf4j-api/2.0.9/slf4j-api-2.0.9.jar:/Users/nescao2/.m2/repository/org/springframework/spring-aspects/6.0.14/spring-aspects-6.0.14.jar:/Users/nescao2/.m2/repository/org/springframework/boot/spring-boot-starter-web/3.1.6/spring-boot-starter-web-3.1.6.jar:/Users/nescao2/.m2/repository/org/springframework/boot/spring-boot-starter/3.1.6/spring-boot-starter-3.1.6.jar:/Users/nescao2/.m2/repository/org/springframework/boot/spring-boot/3.1.6/spring-boot-3.1.6.jar:/Users/nescao2/.m2/repository/org/springframework/boot/spring-boot-autoconfigure/3.1.6/spring-boot-autoconfigure-3.1.6.jar:/Users/nescao2/.m2/repository/org/springframework/boot/spring-boot-starter-logging/3.1.6/spring-boot-starter-logging-3.1.6.jar:/Users/nescao2/.m2/repository/ch/qos/logback/logback-classic/1.4.11/logback-classic-1.4.11.jar:/Users/nescao2/.m2/repository/ch/qos/logback/logback-core/1.4.11/logback-core-1.4.11.jar:/Users/nescao2/.m2/repository/org/apache/logging/log4j/log4j-to-slf4j/2.20.0/log4j-to-slf4j-2.20.0.jar:/Users/nescao2/.m2/repository/org/apache/logging/log4j/log4j-api/2.20.0/log4j-api-2.20.0.jar:/Users/nescao2/.m2/repository/org/slf4j/jul-to-slf4j/2.0.9/jul-to-slf4j-2.0.9.jar:/Users/nescao2/.m2/repository/org/yaml/snakeyaml/1.33/snakeyaml-1.33.jar:/Users/nescao2/.m2/repository/org/springframework/boot/spring-boot-starter-json/3.1.6/spring-boot-starter-json-3.1.6.jar:/Users/nescao2/.m2/repository/com/fasterxml/jackson/core/jackson-databind/2.15.3/jackson-databind-2.15.3.jar:/Users/nescao2/.m2/repository/com/fasterxml/jackson/core/jackson-annotations/2.15.3/jackson-annotations-2.15.3.jar:/Users/nescao2/.m2/repository/com/fasterxml/jackson/core/jackson-core/2.15.3/jackson-core-2.15.3.jar:/Users/nescao2/.m2/repository/com/fasterxml/jackson/datatype/jackson-datatype-jdk8/2.15.3/jackson-datatype-jdk8-2.15.3.jar:/Users/nescao2/.m2/repository/com/fasterxml/jackson/datatype/jackson-datatype-jsr310/2.15.3/jackson-datatype-jsr310-2.15.3.jar:/Users/nescao2/.m2/repository/com/fasterxml/jackson/module/jackson-module-parameter-names/2.15.3/jackson-module-parameter-names-2.15.3.jar:/Users/nescao2/.m2/repository/org/springframework/boot/spring-boot-starter-tomcat/3.1.6/spring-boot-starter-tomcat-3.1.6.jar:/Users/nescao2/.m2/repository/org/apache/tomcat/embed/tomcat-embed-core/10.1.16/tomcat-embed-core-10.1.16.jar:/Users/nescao2/.m2/repository/org/apache/tomcat/embed/tomcat-embed-el/10.1.16/tomcat-embed-el-10.1.16.jar:/Users/nescao2/.m2/repository/org/apache/tomcat/embed/tomcat-embed-websocket/10.1.16/tomcat-embed-websocket-10.1.16.jar:/Users/nescao2/.m2/repository/org/springframework/spring-web/6.0.14/spring-web-6.0.14.jar:/Users/nescao2/.m2/repository/io/micrometer/micrometer-observation/1.11.6/micrometer-observation-1.11.6.jar:/Users/nescao2/.m2/repository/io/micrometer/micrometer-commons/1.11.6/micrometer-commons-1.11.6.jar:/Users/nescao2/.m2/repository/org/springframework/spring-webmvc/6.0.14/spring-webmvc-6.0.14.jar:/Users/nescao2/.m2/repository/org/springframework/spring-expression/6.0.14/spring-expression-6.0.14.jar:/Users/nescao2/.m2/repository/com/h2database/h2/2.1.214/h2-2.1.214.jar:/Users/nescao2/.m2/repository/org/projectlombok/lombok/1.18.30/lombok-1.18.30.jar:/Users/nescao2/.m2/repository/org/springframework/boot/spring-boot-starter-test/3.1.6/spring-boot-starter-test-3.1.6.jar:/Users/nescao2/.m2/repository/org/springframework/boot/spring-boot-test/3.1.6/spring-boot-test-3.1.6.jar:/Users/nescao2/.m2/repository/org/springframework/boot/spring-boot-test-autoconfigure/3.1.6/spring-boot-test-autoconfigure-3.1.6.jar:/Users/nescao2/.m2/repository/com/jayway/jsonpath/json-path/2.8.0/json-path-2.8.0.jar:/Users/nescao2/.m2/repository/jakarta/xml/bind/jakarta.xml.bind-api/4.0.1/jakarta.xml.bind-api-4.0.1.jar:/Users/nescao2/.m2/repository/jakarta/activation/jakarta.activation-api/2.1.2/jakarta.activation-api-2.1.2.jar:/Users/nescao2/.m2/repository/net/minidev/json-smart/2.4.11/json-smart-2.4.11.jar:/Users/nescao2/.m2/repository/net/minidev/accessors-smart/2.4.11/accessors-smart-2.4.11.jar:/Users/nescao2/.m2/repository/org/ow2/asm/asm/9.3/asm-9.3.jar:/Users/nescao2/.m2/repository/org/assertj/assertj-core/3.24.2/assertj-core-3.24.2.jar:/Users/nescao2/.m2/repository/org/hamcrest/hamcrest/2.2/hamcrest-2.2.jar:/Users/nescao2/.m2/repository/org/junit/jupiter/junit-jupiter/5.9.3/junit-jupiter-5.9.3.jar:/Users/nescao2/.m2/repository/org/junit/jupiter/junit-jupiter-api/5.9.3/junit-jupiter-api-5.9.3.jar:/Users/nescao2/.m2/repository/org/opentest4j/opentest4j/1.2.0/opentest4j-1.2.0.jar:/Users/nescao2/.m2/repository/org/junit/platform/junit-platform-commons/1.9.3/junit-platform-commons-1.9.3.jar:/Users/nescao2/.m2/repository/org/apiguardian/apiguardian-api/1.1.2/apiguardian-api-1.1.2.jar:/Users/nescao2/.m2/repository/org/junit/jupiter/junit-jupiter-params/5.9.3/junit-jupiter-params-5.9.3.jar:/Users/nescao2/.m2/repository/org/junit/jupiter/junit-jupiter-engine/5.9.3/junit-jupiter-engine-5.9.3.jar:/Users/nescao2/.m2/repository/org/junit/platform/junit-platform-engine/1.9.3/junit-platform-engine-1.9.3.jar:/Users/nescao2/.m2/repository/org/mockito/mockito-core/5.3.1/mockito-core-5.3.1.jar:/Users/nescao2/.m2/repository/net/bytebuddy/byte-buddy-agent/1.14.10/byte-buddy-agent-1.14.10.jar:/Users/nescao2/.m2/repository/org/objenesis/objenesis/3.3/objenesis-3.3.jar:/Users/nescao2/.m2/repository/org/mockito/mockito-junit-jupiter/5.3.1/mockito-junit-jupiter-5.3.1.jar:/Users/nescao2/.m2/repository/org/skyscreamer/jsonassert/1.5.1/jsonassert-1.5.1.jar:/Users/nescao2/.m2/repository/com/vaadin/external/google/android-json/0.0.20131108.vaadin1/android-json-0.0.20131108.vaadin1.jar:/Users/nescao2/.m2/repository/org/springframework/spring-core/6.0.14/spring-core-6.0.14.jar:/Users/nescao2/.m2/repository/org/springframework/spring-jcl/6.0.14/spring-jcl-6.0.14.jar:/Users/nescao2/.m2/repository/org/springframework/spring-test/6.0.14/spring-test-6.0.14.jar:/Users/nescao2/.m2/repository/org/xmlunit/xmlunit-core/2.9.1/xmlunit-core-2.9.1.jar:/Users/nescao2/.m2/repository/org/springdoc/springdoc-openapi-starter-webmvc-ui/2.2.0/springdoc-openapi-starter-webmvc-ui-2.2.0.jar:/Users/nescao2/.m2/repository/org/springdoc/springdoc-openapi-starter-webmvc-api/2.2.0/springdoc-openapi-starter-webmvc-api-2.2.0.jar:/Users/nescao2/.m2/repository/org/springdoc/springdoc-openapi-starter-common/2.2.0/springdoc-openapi-starter-common-2.2.0.jar:/Users/nescao2/.m2/repository/io/swagger/core/v3/swagger-core-jakarta/2.2.15/swagger-core-jakarta-2.2.15.jar:/Users/nescao2/.m2/repository/org/apache/commons/commons-lang3/3.12.0/commons-lang3-3.12.0.jar:/Users/nescao2/.m2/repository/io/swagger/core/v3/swagger-annotations-jakarta/2.2.15/swagger-annotations-jakarta-2.2.15.jar:/Users/nescao2/.m2/repository/io/swagger/core/v3/swagger-models-jakarta/2.2.15/swagger-models-jakarta-2.2.15.jar:/Users/nescao2/.m2/repository/jakarta/validation/jakarta.validation-api/3.0.2/jakarta.validation-api-3.0.2.jar:/Users/nescao2/.m2/repository/com/fasterxml/jackson/dataformat/jackson-dataformat-yaml/2.15.3/jackson-dataformat-yaml-2.15.3.jar:/Users/nescao2/.m2/repository/org/webjars/swagger-ui/5.2.0/swagger-ui-5.2.0.jar:/Users/nescao2/.m2/repository/junit/junit/4.13.2/junit-4.13.2.jar:/Users/nescao2/.m2/repository/org/hamcrest/hamcrest-core/2.2/hamcrest-core-2.2.jar:"/>
    <property name="sun.cpu.endian" value="little"/>
    <property name="user.home" value="/Users/nescao2"/>
    <property name="user.language" value="en"/>
    <property name="java.specification.vendor" value="Oracle Corporation"/>
    <property name="java.version.date" value="2023-09-19"/>
    <property name="java.home" value="/Users/nescao2/.sdkman/candidates/java/21-tem"/>
    <property name="file.separator" value="/"/>
    <property name="basedir" value="/Users/nescao2/IdeaProjects/smartjob"/>
    <property name="java.vm.compressedOopsMode" value="Zero based"/>
    <property name="line.separator" value="&#10;"/>
    <property name="java.vm.specification.vendor" value="Oracle Corporation"/>
    <property name="java.specification.name" value="Java Platform API Specification"/>
    <property name="FILE_LOG_CHARSET" value="UTF-8"/>
    <property name="java.awt.headless" value="true"/>
    <property name="apple.awt.application.name" value="ForkedBooter"/>
    <property name="surefire.real.class.path" value="/Users/nescao2/IdeaProjects/smartjob/target/surefire/surefirebooter-20231127083643022_3.jar"/>
    <property name="sun.management.compiler" value="HotSpot 64-Bit Tiered Compilers"/>
    <property name="ftp.nonProxyHosts" value="local|*.local|169.254/16|*.169.254/16"/>
    <property name="java.runtime.version" value="21+35-LTS"/>
    <property name="user.name" value="nescao2"/>
    <property name="stdout.encoding" value="UTF-8"/>
    <property name="path.separator" value=":"/>
    <property name="os.version" value="14.1"/>
    <property name="java.runtime.name" value="OpenJDK Runtime Environment"/>
    <property name="file.encoding" value="UTF-8"/>
    <property name="java.vm.name" value="OpenJDK 64-Bit Server VM"/>
    <property name="java.vendor.version" value="Temurin-21+35"/>
    <property name="localRepository" value="/Users/nescao2/.m2/repository"/>
    <property name="java.vendor.url.bug" value="https://github.com/adoptium/adoptium-support/issues"/>
    <property name="java.io.tmpdir" value="/var/folders/n7/gjjt5n_d0xg7z7zksh6zn2r80000gn/T/"/>
    <property name="idea.version" value="2023.2.3"/>
    <property name="com.zaxxer.hikari.pool_number" value="1"/>
    <property name="java.version" value="21"/>
    <property name="user.dir" value="/Users/nescao2/IdeaProjects/smartjob"/>
    <property name="os.arch" value="aarch64"/>
    <property name="java.vm.specification.name" value="Java Virtual Machine Specification"/>
    <property name="PID" value="86839"/>
    <property name="CONSOLE_LOG_CHARSET" value="UTF-8"/>
    <property name="native.encoding" value="UTF-8"/>
    <property name="java.library.path" value="/Users/nescao2/Library/Java/Extensions:/Library/Java/Extensions:/Network/Library/Java/Extensions:/System/Library/Java/Extensions:/usr/lib/java:."/>
    <property name="java.vm.info" value="mixed mode"/>
    <property name="stderr.encoding" value="UTF-8"/>
    <property name="java.vendor" value="Eclipse Adoptium"/>
    <property name="java.vm.version" value="21+35-LTS"/>
    <property name="sun.io.unicode.encoding" value="UnicodeBig"/>
    <property name="socksNonProxyHosts" value="local|*.local|169.254/16|*.169.254/16"/>
    <property name="java.class.version" value="65.0"/>
  </properties>
  <testcase name="contextLoads" classname="smartjob.cl.systemUsers.SystemUsersApplicationTests" time="0.348">
    <system-out><![CDATA[08:36:43.477 [main] INFO org.springframework.test.context.support.AnnotationConfigContextLoaderUtils -- Could not detect default configuration classes for test class [smartjob.cl.systemUsers.SystemUsersApplicationTests]: SystemUsersApplicationTests does not declare any static, non-private, non-final, nested classes annotated with @Configuration.
08:36:43.530 [main] INFO org.springframework.boot.test.context.SpringBootTestContextBootstrapper -- Found @SpringBootConfiguration smartjob.cl.systemUsers.SystemUsersApplication for test class smartjob.cl.systemUsers.SystemUsersApplicationTests

  .   ____          _            __ _ _
 /\\ / ___'_ __ _ _(_)_ __  __ _ \ \ \ \
( ( )\___ | '_ | '_| | '_ \/ _` | \ \ \ \
 \\/  ___)| |_)| | | | | || (_| |  ) ) ) )
  '  |____| .__|_| |_|_| |_\__, | / / / /
 =========|_|==============|___/=/_/_/_/
 :: Spring Boot ::                (v3.1.6)

2023-11-27T08:36:43.704-05:00  INFO 86839 --- [           main] s.c.s.SystemUsersApplicationTests        : Starting SystemUsersApplicationTests using Java 21 with PID 86839 (started by nescao2 in /Users/nescao2/IdeaProjects/smartjob)
2023-11-27T08:36:43.705-05:00  INFO 86839 --- [           main] s.c.s.SystemUsersApplicationTests        : No active profile set, falling back to 1 default profile: "default"
2023-11-27T08:36:44.061-05:00  INFO 86839 --- [           main] .s.d.r.c.RepositoryConfigurationDelegate : Bootstrapping Spring Data JPA repositories in DEFAULT mode.
2023-11-27T08:36:44.090-05:00  INFO 86839 --- [           main] .s.d.r.c.RepositoryConfigurationDelegate : Finished Spring Data repository scanning in 25 ms. Found 3 JPA repository interfaces.
2023-11-27T08:36:44.305-05:00  INFO 86839 --- [           main] com.zaxxer.hikari.HikariDataSource       : HikariPool-1 - Starting...
2023-11-27T08:36:44.407-05:00  INFO 86839 --- [           main] com.zaxxer.hikari.pool.HikariPool        : HikariPool-1 - Added connection conn0: url=jdbc:h2:mem:testdb user=ADMIN
2023-11-27T08:36:44.408-05:00  INFO 86839 --- [           main] com.zaxxer.hikari.HikariDataSource       : HikariPool-1 - Start completed.
2023-11-27T08:36:44.431-05:00  INFO 86839 --- [           main] o.hibernate.jpa.internal.util.LogHelper  : HHH000204: Processing PersistenceUnitInfo [name: default]
2023-11-27T08:36:44.467-05:00  INFO 86839 --- [           main] org.hibernate.Version                    : HHH000412: Hibernate ORM core version 6.2.13.Final
2023-11-27T08:36:44.468-05:00  INFO 86839 --- [           main] org.hibernate.cfg.Environment            : HHH000406: Using bytecode reflection optimizer
2023-11-27T08:36:44.579-05:00  INFO 86839 --- [           main] o.s.o.j.p.SpringPersistenceUnitInfo      : No LoadTimeWeaver setup: ignoring JPA class transformer
2023-11-27T08:36:44.600-05:00  WARN 86839 --- [           main] org.hibernate.orm.deprecation            : HHH90000025: H2Dialect does not need to be specified explicitly using 'hibernate.dialect' (remove the property setting and it will be selected by default)
2023-11-27T08:36:45.018-05:00  INFO 86839 --- [           main] o.h.e.t.j.p.i.JtaPlatformInitiator       : HHH000489: No JTA platform available (set 'hibernate.transaction.jta.platform' to enable JTA platform integration)
Hibernate: drop table if exists phones_users cascade 
Hibernate: drop table if exists session cascade 
Hibernate: drop table if exists users cascade 
Hibernate: drop sequence if exists phones_users_seq
Hibernate: drop sequence if exists session_seq
Hibernate: drop sequence if exists users_seq
Hibernate: create sequence phones_users_seq start with 1 increment by 50
Hibernate: create sequence session_seq start with 1 increment by 50
Hibernate: create sequence users_seq start with 1 increment by 50
Hibernate: create table phones_users (fk_user_id bigint, id bigint not null, city_code varchar(255), country_code varchar(255), number varchar(255), primary key (id))
Hibernate: create table session (user_is_active boolean default false, date_created timestamp(6), last_login timestamp(6), last_modified timestamp(6), session_id bigint not null, email varchar(255), name varchar(255), password varchar(255), primary key (session_id))
Hibernate: create table users (user_is_active boolean default false, date_created timestamp(6), last_login timestamp(6), last_modified timestamp(6), user_id bigint not null, email varchar(255), name varchar(255), password varchar(255), primary key (user_id))
Hibernate: alter table if exists phones_users add constraint FK6vd6y0m050edt03rkpxh8bx6x foreign key (fk_user_id) references users
2023-11-27T08:36:45.038-05:00  INFO 86839 --- [           main] j.LocalContainerEntityManagerFactoryBean : Initialized JPA EntityManagerFactory for persistence unit 'default'
2023-11-27T08:36:45.274-05:00  WARN 86839 --- [           main] JpaBaseConfiguration$JpaWebConfiguration : spring.jpa.open-in-view is enabled by default. Therefore, database queries may be performed during view rendering. Explicitly configure spring.jpa.open-in-view to disable this warning
2023-11-27T08:36:45.468-05:00  INFO 86839 --- [           main] o.s.b.a.h2.H2ConsoleAutoConfiguration    : H2 console available at '/h2'. Database available at 'jdbc:h2:mem:testdb'
2023-11-27T08:36:45.490-05:00  INFO 86839 --- [           main] s.c.s.SystemUsersApplicationTests        : Started SystemUsersApplicationTests in 1.9 seconds (process running for 2.41)
]]></system-out>
    <system-err><![CDATA[WARNING: A Java agent has been loaded dynamically (/Users/nescao2/.m2/repository/net/bytebuddy/byte-buddy-agent/1.14.10/byte-buddy-agent-1.14.10.jar)
WARNING: If a serviceability tool is in use, please run with -XX:+EnableDynamicAgentLoading to hide this warning
WARNING: If a serviceability tool is not in use, please run with -Djdk.instrument.traceUsage for more information
WARNING: Dynamic loading of agents will be disallowed by default in a future release
]]></system-err>
  </testcase>
</testsuite>